c:\users\mike\documents\github\oop_lesson_2\vs_repos\console_app\id\debug\id.pch
c:\users\mike\documents\github\oop_lesson_2\vs_repos\console_app\id\debug\vc141.pdb
c:\users\mike\documents\github\oop_lesson_2\vs_repos\console_app\id\debug\vc141.idb
c:\users\mike\documents\github\oop_lesson_2\vs_repos\console_app\id\debug\stdafx.obj
c:\users\mike\documents\github\oop_lesson_2\vs_repos\console_app\id\debug\id.obj
c:\users\mike\documents\github\oop_lesson_2\vs_repos\console_app\id\debug\dllmain.obj
c:\users\mpyrev\documents\github\oop_lesson_2\part_1\console_app\id\debug\id.pch
c:\users\mpyrev\documents\github\oop_lesson_2\part_1\console_app\id\debug\vc141.pdb
c:\users\mpyrev\documents\github\oop_lesson_2\part_1\console_app\id\debug\vc141.idb
c:\users\mpyrev\documents\github\oop_lesson_2\part_1\console_app\id\debug\stdafx.obj
c:\users\mpyrev\documents\github\oop_lesson_2\part_1\console_app\id\debug\id.obj
c:\users\mpyrev\documents\github\oop_lesson_2\part_1\console_app\id\debug\dllmain.obj
d:\docs\github\oop_lesson_2\part_1\console_app\id\debug\id.pch
d:\docs\github\oop_lesson_2\part_1\console_app\id\debug\vc141.pdb
d:\docs\github\oop_lesson_2\part_1\console_app\id\debug\vc141.idb
d:\docs\github\oop_lesson_2\part_1\console_app\id\debug\stdafx.obj
d:\docs\github\oop_lesson_2\part_1\console_app\id\debug\id.obj
d:\docs\github\oop_lesson_2\part_1\console_app\id\debug\dllmain.obj
c:\users\mike\documents\github\oop_lesson_2\vs_repos\console_app\debug\id.lib
c:\users\mike\documents\github\oop_lesson_2\vs_repos\console_app\debug\id.exp
c:\users\mpyrev\documents\github\oop_lesson_2\part_1\console_app\debug\id.lib
c:\users\mpyrev\documents\github\oop_lesson_2\part_1\console_app\debug\id.exp
d:\docs\github\oop_lesson_2\part_1\console_app\debug\id.lib
d:\docs\github\oop_lesson_2\part_1\console_app\debug\id.exp
c:\users\mike\documents\github\oop_lesson_2\vs_repos\console_app\debug\id.ilk
c:\users\mike\documents\github\oop_lesson_2\vs_repos\console_app\debug\id.dll
c:\users\mike\documents\github\oop_lesson_2\vs_repos\console_app\debug\id.pdb
c:\users\mpyrev\documents\github\oop_lesson_2\part_1\console_app\debug\id.ilk
c:\users\mpyrev\documents\github\oop_lesson_2\part_1\console_app\debug\id.dll
c:\users\mpyrev\documents\github\oop_lesson_2\part_1\console_app\debug\id.pdb
d:\docs\github\oop_lesson_2\part_1\console_app\debug\id.ilk
d:\docs\github\oop_lesson_2\part_1\console_app\debug\id.dll
d:\docs\github\oop_lesson_2\part_1\console_app\debug\id.pdb
d:\docs\github\oop_lesson_2\part_1\id\id\debug\dllmain.obj
d:\docs\github\oop_lesson_2\part_1\id\id\debug\id.obj
d:\docs\github\oop_lesson_2\part_1\id\id\debug\stdafx.obj
d:\docs\github\oop_lesson_2\part_1\id\id\debug\id.pch
d:\docs\github\oop_lesson_2\part_1\id\id\debug\vc141.idb
d:\docs\github\oop_lesson_2\part_1\id\id\debug\vc141.pdb
d:\docs\github\oop_lesson_2\part_1\id\debug\id.pdb
d:\docs\github\oop_lesson_2\part_1\id\debug\id.dll
d:\docs\github\oop_lesson_2\part_1\id\debug\id.ilk
d:\docs\github\oop_lesson_2\part_1\id\id\debug\id.tlog\cl.command.1.tlog
d:\docs\github\oop_lesson_2\part_1\id\id\debug\id.tlog\cl.read.1.tlog
d:\docs\github\oop_lesson_2\part_1\id\id\debug\id.tlog\cl.write.1.tlog
d:\docs\github\oop_lesson_2\part_1\id\id\debug\id.tlog\id.write.1u.tlog
d:\docs\github\oop_lesson_2\part_1\id\id\debug\id.tlog\link.command.1.tlog
d:\docs\github\oop_lesson_2\part_1\id\id\debug\id.tlog\link.delete.1.tlog
d:\docs\github\oop_lesson_2\part_1\id\id\debug\id.tlog\link.read.1.tlog
d:\docs\github\oop_lesson_2\part_1\id\id\debug\id.tlog\link.write.1.tlog
